50 0.08 0.06 0.04 0.02 0.01 0.01 0.00 0.00 0.00 65.67
100 0.34 0.28 0.21 0.16 0.12 0.07 0.04 0.02 0.00 85.05
150 0.46 0.37 0.30 0.24 0.19 0.11 0.06 0.03 0.01 91.11
200 0.53 0.44 0.35 0.28 0.21 0.13 0.07 0.03 0.01 93.11
250 0.56 0.48 0.39 0.32 0.25 0.15 0.09 0.05 0.01 92.80
300 0.60 0.51 0.42 0.33 0.26 0.16 0.10 0.05 0.01 93.75
350 0.64 0.56 0.46 0.38 0.30 0.18 0.10 0.05 0.01 94.34
400 0.61 0.52 0.42 0.34 0.27 0.17 0.10 0.05 0.01 93.90
450 0.60 0.53 0.43 0.36 0.28 0.18 0.11 0.05 0.01 93.25
500 0.61 0.54 0.45 0.37 0.29 0.19 0.10 0.05 0.01 93.11
550 0.65 0.58 0.47 0.39 0.31 0.20 0.11 0.06 0.01 93.40
600 0.65 0.58 0.48 0.39 0.32 0.20 0.11 0.06 0.01 93.39
650 0.64 0.56 0.46 0.38 0.31 0.20 0.12 0.06 0.01 93.16
700 0.66 0.58 0.50 0.41 0.33 0.22 0.12 0.06 0.01 93.00
750 0.66 0.59 0.49 0.40 0.33 0.21 0.12 0.06 0.01 93.11
800 0.63 0.55 0.45 0.37 0.30 0.19 0.11 0.05 0.01 92.48
850 0.66 0.59 0.49 0.40 0.33 0.22 0.12 0.06 0.01 92.63
900 0.65 0.58 0.48 0.40 0.32 0.21 0.11 0.06 0.01 92.73
950 0.66 0.59 0.49 0.41 0.33 0.22 0.12 0.06 0.01 91.98
1000 0.66 0.59 0.50 0.42 0.35 0.23 0.12 0.06 0.01 92.63
1050 0.66 0.59 0.49 0.41 0.34 0.23 0.12 0.06 0.01 92.20
1100 0.68 0.60 0.51 0.43 0.35 0.24 0.13 0.06 0.01 92.26
1150 0.67 0.59 0.51 0.42 0.35 0.24 0.13 0.06 0.01 92.34
1200 0.68 0.61 0.53 0.44 0.36 0.24 0.13 0.06 0.01 93.15
1250 0.68 0.61 0.51 0.43 0.35 0.24 0.13 0.06 0.01 92.63
1300 0.68 0.61 0.52 0.44 0.36 0.25 0.13 0.07 0.01 92.49
1350 0.67 0.60 0.51 0.43 0.35 0.24 0.13 0.06 0.01 92.14
1400 0.68 0.61 0.52 0.44 0.36 0.24 0.13 0.06 0.01 92.82
1450 0.67 0.61 0.50 0.42 0.34 0.23 0.13 0.07 0.01 92.61
1500 0.68 0.61 0.52 0.44 0.36 0.25 0.13 0.07 0.01 92.79
1550 0.67 0.61 0.52 0.44 0.37 0.25 0.14 0.07 0.01 92.43
1600 0.68 0.61 0.52 0.44 0.36 0.25 0.14 0.07 0.01 91.49
1650 0.69 0.62 0.53 0.45 0.37 0.24 0.14 0.07 0.01 92.90
1700 0.65 0.58 0.48 0.40 0.33 0.21 0.12 0.06 0.01 92.44
1750 0.67 0.61 0.52 0.44 0.36 0.25 0.14 0.06 0.01 92.32
1800 0.68 0.61 0.53 0.45 0.37 0.25 0.14 0.07 0.02 92.62
1850 0.68 0.61 0.52 0.44 0.36 0.25 0.14 0.06 0.01 92.74
1900 0.69 0.62 0.53 0.44 0.37 0.24 0.14 0.06 0.01 92.39
1950 0.69 0.62 0.54 0.45 0.37 0.25 0.13 0.07 0.01 93.07
2000 0.67 0.61 0.52 0.44 0.37 0.24 0.13 0.07 0.02 91.90
2050 0.69 0.62 0.53 0.44 0.37 0.25 0.14 0.07 0.02 92.28
2100 0.69 0.63 0.54 0.46 0.38 0.25 0.14 0.07 0.02 92.61
2150 0.69 0.63 0.54 0.46 0.38 0.26 0.14 0.07 0.02 92.16
2200 0.69 0.62 0.54 0.45 0.38 0.25 0.13 0.07 0.02 92.57
2250 0.68 0.62 0.54 0.46 0.38 0.26 0.14 0.07 0.02 92.17
2300 0.68 0.62 0.53 0.45 0.38 0.26 0.14 0.07 0.02 91.83
2350 0.68 0.62 0.54 0.45 0.38 0.26 0.14 0.07 0.02 92.56
2400 0.69 0.63 0.55 0.46 0.39 0.26 0.14 0.07 0.02 92.74
2450 0.68 0.62 0.52 0.44 0.37 0.24 0.14 0.07 0.01 92.52
2500 0.69 0.63 0.54 0.46 0.38 0.25 0.14 0.07 0.02 93.01
2550 0.69 0.63 0.54 0.46 0.39 0.26 0.14 0.07 0.02 92.90
2600 0.68 0.62 0.53 0.45 0.38 0.25 0.14 0.07 0.02 92.82
2650 0.69 0.63 0.55 0.46 0.39 0.26 0.15 0.07 0.02 92.45
2700 0.69 0.63 0.55 0.45 0.38 0.26 0.14 0.07 0.02 92.56
2750 0.68 0.62 0.53 0.44 0.37 0.25 0.14 0.07 0.01 93.56
2800 0.69 0.63 0.55 0.46 0.39 0.26 0.14 0.07 0.02 92.58
2850 0.68 0.62 0.55 0.46 0.38 0.26 0.14 0.07 0.02 93.56
2900 0.70 0.64 0.55 0.46 0.39 0.26 0.14 0.07 0.02 93.65
2950 0.70 0.63 0.55 0.46 0.38 0.25 0.14 0.07 0.02 93.38
3000 0.69 0.63 0.55 0.45 0.37 0.25 0.13 0.06 0.02 93.39
3050 0.69 0.63 0.54 0.45 0.37 0.25 0.14 0.07 0.02 93.25
3100 0.69 0.64 0.55 0.46 0.39 0.26 0.14 0.07 0.02 93.12
3150 0.70 0.64 0.55 0.46 0.38 0.26 0.14 0.07 0.02 93.28
3200 0.69 0.63 0.56 0.46 0.39 0.26 0.14 0.07 0.02 93.40
3250 0.69 0.63 0.55 0.46 0.39 0.26 0.14 0.07 0.02 93.59
3300 0.70 0.64 0.56 0.47 0.39 0.26 0.15 0.07 0.02 93.32
3350 0.69 0.63 0.54 0.46 0.38 0.26 0.15 0.07 0.02 93.73
3400 0.70 0.65 0.56 0.47 0.38 0.26 0.14 0.07 0.02 93.34
3450 0.69 0.64 0.56 0.47 0.39 0.26 0.14 0.07 0.02 93.45
3500 0.70 0.64 0.56 0.47 0.39 0.26 0.15 0.07 0.02 93.17
3550 0.70 0.64 0.56 0.47 0.39 0.26 0.14 0.07 0.02 93.43
3600 0.70 0.64 0.55 0.47 0.39 0.27 0.14 0.07 0.02 93.30
3650 0.69 0.64 0.55 0.46 0.39 0.26 0.14 0.07 0.02 92.83
3700 0.70 0.64 0.56 0.47 0.39 0.26 0.14 0.07 0.02 94.12
3750 0.69 0.63 0.54 0.45 0.38 0.25 0.12 0.06 0.02 93.65
3800 0.70 0.64 0.55 0.46 0.39 0.26 0.15 0.07 0.02 93.85
3850 0.69 0.64 0.55 0.46 0.39 0.27 0.15 0.07 0.02 94.27
3900 0.69 0.64 0.55 0.47 0.40 0.27 0.15 0.08 0.02 94.42
3950 0.70 0.65 0.56 0.47 0.40 0.27 0.15 0.07 0.02 93.79
4000 0.69 0.63 0.55 0.46 0.38 0.26 0.13 0.06 0.02 94.43
4050 0.70 0.64 0.56 0.47 0.39 0.26 0.14 0.07 0.02 94.30
4100 0.70 0.65 0.56 0.46 0.38 0.26 0.13 0.07 0.02 93.89
4150 0.69 0.64 0.55 0.46 0.37 0.26 0.13 0.07 0.02 93.94
4200 0.71 0.66 0.56 0.47 0.40 0.27 0.14 0.07 0.02 94.33
50 0.08 0.06 0.04 0.02 0.01 0.01 0.00 0.00 0.00 65.67
100 0.34 0.28 0.21 0.16 0.12 0.07 0.04 0.02 0.00 85.05
150 0.46 0.37 0.30 0.24 0.19 0.11 0.06 0.03 0.01 91.11
50 0.08 0.06 0.04 0.02 0.01 0.01 0.00 0.00 0.00 65.67
50 0.08 0.06 0.04 0.02 0.01 0.01 0.00 0.00 0.00 65.67
50 0.08 0.06 0.04 0.02 0.01 0.01 0.00 0.00 0.00 65.67
50 0.08 0.06 0.04 0.02 0.01 0.01 0.00 0.00 0.00 65.67
50 0.08 0.06 0.04 0.02 0.01 0.01 0.00 0.00 0.00 65.67
50 0.08 0.06 0.04 0.02 0.01 0.01 0.00 0.00 0.00 65.67
50 0.08 0.06 0.04 0.02 0.01 0.01 0.00 0.00 0.00 65.67
50 0.08 0.06 0.04 0.02 0.01 0.01 0.00 0.00 0.00 65.67
50 0.08 0.06 0.04 0.02 0.01 0.01 0.00 0.00 0.00 65.67
50 0.08 0.06 0.04 0.02 0.01 0.01 0.00 0.00 0.00 65.67
50 0.08 0.06 0.04 0.02 0.01 0.01 0.00 0.00 0.00 65.67
50 0.08 0.06 0.04 0.02 0.01 0.01 0.00 0.00 0.00 65.67
50 0.08 0.06 0.04 0.02 0.01 0.01 0.00 0.00 0.00 65.67
100 0.34 0.28 0.21 0.16 0.12 0.07 0.04 0.02 0.00 85.05
150 0.46 0.37 0.30 0.24 0.19 0.11 0.06 0.03 0.01 91.11
200 0.53 0.44 0.35 0.28 0.21 0.13 0.07 0.03 0.01 93.11
250 0.56 0.48 0.39 0.32 0.25 0.15 0.09 0.05 0.01 92.80
300 0.60 0.51 0.42 0.33 0.26 0.16 0.10 0.05 0.01 93.75
350 0.64 0.56 0.46 0.38 0.30 0.18 0.10 0.05 0.01 94.34
400 0.61 0.52 0.42 0.34 0.27 0.17 0.10 0.05 0.01 93.90
450 0.60 0.53 0.43 0.36 0.28 0.18 0.11 0.05 0.01 93.25
500 0.61 0.54 0.45 0.37 0.29 0.19 0.10 0.05 0.01 93.11
550 0.65 0.58 0.47 0.39 0.31 0.20 0.11 0.06 0.01 93.40
600 0.65 0.58 0.48 0.39 0.32 0.20 0.11 0.06 0.01 93.39
650 0.64 0.56 0.46 0.38 0.31 0.20 0.12 0.06 0.01 93.16
700 0.66 0.58 0.50 0.41 0.33 0.22 0.12 0.06 0.01 93.00
750 0.66 0.59 0.49 0.40 0.33 0.21 0.12 0.06 0.01 93.11
800 0.63 0.55 0.45 0.37 0.30 0.19 0.11 0.05 0.01 92.48
850 0.66 0.59 0.49 0.40 0.33 0.22 0.12 0.06 0.01 92.63
900 0.65 0.58 0.48 0.40 0.32 0.21 0.11 0.06 0.01 92.73
950 0.66 0.59 0.49 0.41 0.33 0.22 0.12 0.06 0.01 91.98
1000 0.66 0.59 0.50 0.42 0.35 0.23 0.12 0.06 0.01 92.63
1050 0.66 0.59 0.49 0.41 0.34 0.23 0.12 0.06 0.01 92.20
1100 0.68 0.60 0.51 0.43 0.35 0.24 0.13 0.06 0.01 92.26
1150 0.67 0.59 0.51 0.42 0.35 0.24 0.13 0.06 0.01 92.34
1200 0.68 0.61 0.53 0.44 0.36 0.24 0.13 0.06 0.01 93.15
1250 0.68 0.61 0.51 0.43 0.35 0.24 0.13 0.06 0.01 92.63
1300 0.68 0.61 0.52 0.44 0.36 0.25 0.13 0.07 0.01 92.49
1350 0.67 0.60 0.51 0.43 0.35 0.24 0.13 0.06 0.01 92.14
1400 0.68 0.61 0.52 0.44 0.36 0.24 0.13 0.06 0.01 92.82
1450 0.67 0.61 0.50 0.42 0.34 0.23 0.13 0.07 0.01 92.61
1500 0.68 0.61 0.52 0.44 0.36 0.25 0.13 0.07 0.01 92.79
1550 0.67 0.61 0.52 0.44 0.37 0.25 0.14 0.07 0.01 92.43
1600 0.68 0.61 0.52 0.44 0.36 0.25 0.14 0.07 0.01 91.49
1650 0.69 0.62 0.53 0.45 0.37 0.24 0.14 0.07 0.01 92.90
1700 0.65 0.58 0.48 0.40 0.33 0.21 0.12 0.06 0.01 92.44
1750 0.67 0.61 0.52 0.44 0.36 0.25 0.14 0.06 0.01 92.32
-1 0.71 0.66 0.57 0.48 0.40 0.27 0.15 0.08 0.02 94.44
1800 0.68 0.61 0.53 0.45 0.37 0.25 0.14 0.07 0.02 92.62
1850 0.68 0.61 0.52 0.44 0.36 0.25 0.14 0.06 0.01 92.74
1900 0.69 0.62 0.53 0.44 0.37 0.24 0.14 0.06 0.01 92.39
1950 0.69 0.62 0.54 0.45 0.37 0.25 0.13 0.07 0.01 93.07
2000 0.67 0.61 0.52 0.44 0.37 0.24 0.13 0.07 0.02 91.90
2050 0.69 0.62 0.53 0.44 0.37 0.25 0.14 0.07 0.02 92.28
2100 0.69 0.63 0.54 0.46 0.38 0.25 0.14 0.07 0.02 92.61
